00:25:13:691  INFO 69161 --- [nacos-grpc-client-executor-11308] com.alibaba.nacos.common.remote.client   : [37d10368-ad74-44bb-a21a-41d25e48eea8] Receive server push request, request = ClientDetectionRequest, requestId = 1866
00:25:13:756  INFO 69161 --- [nacos-grpc-client-executor-11308] com.alibaba.nacos.common.remote.client   : [37d10368-ad74-44bb-a21a-41d25e48eea8] Ack server push request, request = ClientDetectionRequest, requestId = 1866
00:43:05:258  INFO 69161 --- [nacos-grpc-client-executor-11310] com.alibaba.nacos.common.remote.client   : [37d10368-ad74-44bb-a21a-41d25e48eea8] Receive server push request, request = ClientDetectionRequest, requestId = 1868
00:43:05:260  INFO 69161 --- [nacos-grpc-client-executor-11310] com.alibaba.nacos.common.remote.client   : [37d10368-ad74-44bb-a21a-41d25e48eea8] Ack server push request, request = ClientDetectionRequest, requestId = 1868
00:59:58:003  INFO 69161 --- [nacos-grpc-client-executor-11311] com.alibaba.nacos.common.remote.client   : [37d10368-ad74-44bb-a21a-41d25e48eea8] Receive server push request, request = ClientDetectionRequest, requestId = 1870
00:59:58:005  INFO 69161 --- [nacos-grpc-client-executor-11311] com.alibaba.nacos.common.remote.client   : [37d10368-ad74-44bb-a21a-41d25e48eea8] Ack server push request, request = ClientDetectionRequest, requestId = 1870
01:17:09:775  INFO 69161 --- [nacos-grpc-client-executor-11312] com.alibaba.nacos.common.remote.client   : [37d10368-ad74-44bb-a21a-41d25e48eea8] Receive server push request, request = ClientDetectionRequest, requestId = 1872
01:17:09:776  INFO 69161 --- [nacos-grpc-client-executor-11312] com.alibaba.nacos.common.remote.client   : [37d10368-ad74-44bb-a21a-41d25e48eea8] Ack server push request, request = ClientDetectionRequest, requestId = 1872
01:26:13:716  WARN 69161 --- [HikariPool-1 housekeeper] com.zaxxer.hikari.pool.HikariPool        : HikariPool-1 - Thread starvation or clock leap detected (housekeeper delta=1h28m50s98ms).
01:26:14:524  INFO 69161 --- [nacos-grpc-client-executor-11313] com.alibaba.nacos.common.remote.client   : [37d10368-ad74-44bb-a21a-41d25e48eea8] Receive server push request, request = ClientDetectionRequest, requestId = 1874
01:26:14:524  INFO 69161 --- [nacos-grpc-client-executor-11313] com.alibaba.nacos.common.remote.client   : [37d10368-ad74-44bb-a21a-41d25e48eea8] Ack server push request, request = ClientDetectionRequest, requestId = 1874
01:59:24:719  INFO 69161 --- [nacos-grpc-client-executor-11317] com.alibaba.nacos.common.remote.client   : [37d10368-ad74-44bb-a21a-41d25e48eea8] Receive server push request, request = ClientDetectionRequest, requestId = 1879
01:59:24:782  INFO 69161 --- [nacos-grpc-client-executor-11317] com.alibaba.nacos.common.remote.client   : [37d10368-ad74-44bb-a21a-41d25e48eea8] Ack server push request, request = ClientDetectionRequest, requestId = 1879
01:59:25:383  INFO 69161 --- [nacos-grpc-client-executor-11318] com.alibaba.nacos.common.remote.client   : [37d10368-ad74-44bb-a21a-41d25e48eea8] Receive server push request, request = NotifySubscriberRequest, requestId = 1881
01:59:25:384  INFO 69161 --- [nacos-grpc-client-executor-11318] com.alibaba.nacos.common.remote.client   : [37d10368-ad74-44bb-a21a-41d25e48eea8] Ack server push request, request = NotifySubscriberRequest, requestId = 1881
02:16:04:487  INFO 69161 --- [nacos-grpc-client-executor-11319] com.alibaba.nacos.common.remote.client   : [37d10368-ad74-44bb-a21a-41d25e48eea8] Receive server push request, request = ClientDetectionRequest, requestId = 1884
02:16:04:488  INFO 69161 --- [nacos-grpc-client-executor-11319] com.alibaba.nacos.common.remote.client   : [37d10368-ad74-44bb-a21a-41d25e48eea8] Ack server push request, request = ClientDetectionRequest, requestId = 1884
02:27:15:214  INFO 69161 --- [nacos-grpc-client-executor-11320] com.alibaba.nacos.common.remote.client   : [37d10368-ad74-44bb-a21a-41d25e48eea8] Receive server push request, request = ClientDetectionRequest, requestId = 1886
02:27:15:215  INFO 69161 --- [nacos-grpc-client-executor-11320] com.alibaba.nacos.common.remote.client   : [37d10368-ad74-44bb-a21a-41d25e48eea8] Ack server push request, request = ClientDetectionRequest, requestId = 1886
02:27:20:282  WARN 69161 --- [HikariPool-1 housekeeper] com.zaxxer.hikari.pool.HikariPool        : HikariPool-1 - Thread starvation or clock leap detected (housekeeper delta=1h1m6s566ms).
02:42:55:735  INFO 69161 --- [nacos-grpc-client-executor-11321] com.alibaba.nacos.common.remote.client   : [37d10368-ad74-44bb-a21a-41d25e48eea8] Receive server push request, request = ClientDetectionRequest, requestId = 1889
02:42:55:736  INFO 69161 --- [nacos-grpc-client-executor-11321] com.alibaba.nacos.common.remote.client   : [37d10368-ad74-44bb-a21a-41d25e48eea8] Ack server push request, request = ClientDetectionRequest, requestId = 1889
02:58:52:470  INFO 69161 --- [nacos-grpc-client-executor-11322] com.alibaba.nacos.common.remote.client   : [37d10368-ad74-44bb-a21a-41d25e48eea8] Receive server push request, request = ClientDetectionRequest, requestId = 1892
02:58:52:470  INFO 69161 --- [nacos-grpc-client-executor-11322] com.alibaba.nacos.common.remote.client   : [37d10368-ad74-44bb-a21a-41d25e48eea8] Ack server push request, request = ClientDetectionRequest, requestId = 1892
03:45:06:360  INFO 69161 --- [nacos-grpc-client-executor-11329] com.alibaba.nacos.common.remote.client   : [37d10368-ad74-44bb-a21a-41d25e48eea8] Receive server push request, request = ClientDetectionRequest, requestId = 1895
03:45:06:361  INFO 69161 --- [nacos-grpc-client-executor-11329] com.alibaba.nacos.common.remote.client   : [37d10368-ad74-44bb-a21a-41d25e48eea8] Ack server push request, request = ClientDetectionRequest, requestId = 1895
03:45:06:913  INFO 69161 --- [nacos-grpc-client-executor-11330] com.alibaba.nacos.common.remote.client   : [37d10368-ad74-44bb-a21a-41d25e48eea8] Receive server push request, request = NotifySubscriberRequest, requestId = 1898
03:45:06:920  INFO 69161 --- [nacos-grpc-client-executor-11330] com.alibaba.nacos.common.remote.client   : [37d10368-ad74-44bb-a21a-41d25e48eea8] Ack server push request, request = NotifySubscriberRequest, requestId = 1898
03:45:09:574  INFO 69161 --- [nacos-grpc-client-executor-11331] com.alibaba.nacos.common.remote.client   : [37d10368-ad74-44bb-a21a-41d25e48eea8] Receive server push request, request = NotifySubscriberRequest, requestId = 1900
03:45:09:576  INFO 69161 --- [nacos-grpc-client-executor-11331] com.alibaba.nacos.common.remote.client   : [37d10368-ad74-44bb-a21a-41d25e48eea8] Ack server push request, request = NotifySubscriberRequest, requestId = 1900
04:01:42:027  WARN 69161 --- [HikariPool-1 housekeeper] com.zaxxer.hikari.pool.HikariPool        : HikariPool-1 - Thread starvation or clock leap detected (housekeeper delta=1h34m21s745ms).
04:01:43:100  INFO 69161 --- [nacos-grpc-client-executor-11332] com.alibaba.nacos.common.remote.client   : [37d10368-ad74-44bb-a21a-41d25e48eea8] Receive server push request, request = ClientDetectionRequest, requestId = 1903
04:01:43:103  INFO 69161 --- [nacos-grpc-client-executor-11332] com.alibaba.nacos.common.remote.client   : [37d10368-ad74-44bb-a21a-41d25e48eea8] Ack server push request, request = ClientDetectionRequest, requestId = 1903
04:18:07:817  INFO 69161 --- [nacos-grpc-client-executor-11333] com.alibaba.nacos.common.remote.client   : [37d10368-ad74-44bb-a21a-41d25e48eea8] Receive server push request, request = ClientDetectionRequest, requestId = 1905
04:18:07:817  INFO 69161 --- [nacos-grpc-client-executor-11333] com.alibaba.nacos.common.remote.client   : [37d10368-ad74-44bb-a21a-41d25e48eea8] Ack server push request, request = ClientDetectionRequest, requestId = 1905
05:02:49:734  INFO 69161 --- [nacos-grpc-client-executor-11337] com.alibaba.nacos.common.remote.client   : [37d10368-ad74-44bb-a21a-41d25e48eea8] Receive server push request, request = ClientDetectionRequest, requestId = 1909
05:02:49:735  INFO 69161 --- [nacos-grpc-client-executor-11337] com.alibaba.nacos.common.remote.client   : [37d10368-ad74-44bb-a21a-41d25e48eea8] Ack server push request, request = ClientDetectionRequest, requestId = 1909
05:18:22:335  WARN 69161 --- [HikariPool-1 housekeeper] com.zaxxer.hikari.pool.HikariPool        : HikariPool-1 - Thread starvation or clock leap detected (housekeeper delta=1h16m40s308ms).
05:18:23:499  INFO 69161 --- [nacos-grpc-client-executor-11338] com.alibaba.nacos.common.remote.client   : [37d10368-ad74-44bb-a21a-41d25e48eea8] Receive server push request, request = ClientDetectionRequest, requestId = 1911
05:18:23:499  INFO 69161 --- [nacos-grpc-client-executor-11338] com.alibaba.nacos.common.remote.client   : [37d10368-ad74-44bb-a21a-41d25e48eea8] Ack server push request, request = ClientDetectionRequest, requestId = 1911
05:30:14:220  INFO 69161 --- [nacos-grpc-client-executor-11339] com.alibaba.nacos.common.remote.client   : [37d10368-ad74-44bb-a21a-41d25e48eea8] Receive server push request, request = ClientDetectionRequest, requestId = 1913
05:30:14:221  INFO 69161 --- [nacos-grpc-client-executor-11339] com.alibaba.nacos.common.remote.client   : [37d10368-ad74-44bb-a21a-41d25e48eea8] Ack server push request, request = ClientDetectionRequest, requestId = 1913
06:19:38:083  INFO 69161 --- [nacos-grpc-client-executor-11344] com.alibaba.nacos.common.remote.client   : [37d10368-ad74-44bb-a21a-41d25e48eea8] Receive server push request, request = ClientDetectionRequest, requestId = 1919
06:19:38:083  INFO 69161 --- [nacos-grpc-client-executor-11344] com.alibaba.nacos.common.remote.client   : [37d10368-ad74-44bb-a21a-41d25e48eea8] Ack server push request, request = ClientDetectionRequest, requestId = 1919
06:31:16:569  WARN 69161 --- [HikariPool-1 housekeeper] com.zaxxer.hikari.pool.HikariPool        : HikariPool-1 - Thread starvation or clock leap detected (housekeeper delta=1h12m54s234ms).
06:45:53:325  INFO 69161 --- [nacos-grpc-client-executor-11348] com.alibaba.nacos.common.remote.client   : [37d10368-ad74-44bb-a21a-41d25e48eea8] Receive server push request, request = ClientDetectionRequest, requestId = 1924
06:45:53:325  INFO 69161 --- [nacos-grpc-client-executor-11348] com.alibaba.nacos.common.remote.client   : [37d10368-ad74-44bb-a21a-41d25e48eea8] Ack server push request, request = ClientDetectionRequest, requestId = 1924
07:32:20:974  WARN 69161 --- [HikariPool-1 housekeeper] com.zaxxer.hikari.pool.HikariPool        : HikariPool-1 - Thread starvation or clock leap detected (housekeeper delta=1h1m4s405ms).
07:49:12:702  INFO 69161 --- [nacos-grpc-client-executor-11354] com.alibaba.nacos.common.remote.client   : [37d10368-ad74-44bb-a21a-41d25e48eea8] Receive server push request, request = ClientDetectionRequest, requestId = 1929
07:49:12:703  INFO 69161 --- [nacos-grpc-client-executor-11354] com.alibaba.nacos.common.remote.client   : [37d10368-ad74-44bb-a21a-41d25e48eea8] Ack server push request, request = ClientDetectionRequest, requestId = 1929
08:06:47:447  INFO 69161 --- [nacos-grpc-client-executor-11355] com.alibaba.nacos.common.remote.client   : [37d10368-ad74-44bb-a21a-41d25e48eea8] Receive server push request, request = ClientDetectionRequest, requestId = 1931
08:06:47:448  INFO 69161 --- [nacos-grpc-client-executor-11355] com.alibaba.nacos.common.remote.client   : [37d10368-ad74-44bb-a21a-41d25e48eea8] Ack server push request, request = ClientDetectionRequest, requestId = 1931
08:33:13:906  INFO 69161 --- [nacos-grpc-client-executor-11359] com.alibaba.nacos.common.remote.client   : [37d10368-ad74-44bb-a21a-41d25e48eea8] Receive server push request, request = ClientDetectionRequest, requestId = 1935
08:33:13:907  INFO 69161 --- [nacos-grpc-client-executor-11359] com.alibaba.nacos.common.remote.client   : [37d10368-ad74-44bb-a21a-41d25e48eea8] Ack server push request, request = ClientDetectionRequest, requestId = 1935
08:51:18:024  WARN 69161 --- [HikariPool-1 housekeeper] com.zaxxer.hikari.pool.HikariPool        : HikariPool-1 - Thread starvation or clock leap detected (housekeeper delta=1h18m57s50ms).
09:07:56:117  INFO 69161 --- [nacos-grpc-client-executor-11364] com.alibaba.nacos.common.remote.client   : [37d10368-ad74-44bb-a21a-41d25e48eea8] Receive server push request, request = ClientDetectionRequest, requestId = 1939
09:07:56:117  INFO 69161 --- [nacos-grpc-client-executor-11364] com.alibaba.nacos.common.remote.client   : [37d10368-ad74-44bb-a21a-41d25e48eea8] Ack server push request, request = ClientDetectionRequest, requestId = 1939
09:23:20:810  INFO 69161 --- [nacos-grpc-client-executor-11365] com.alibaba.nacos.common.remote.client   : [37d10368-ad74-44bb-a21a-41d25e48eea8] Receive server push request, request = ClientDetectionRequest, requestId = 1942
09:23:20:811  INFO 69161 --- [nacos-grpc-client-executor-11365] com.alibaba.nacos.common.remote.client   : [37d10368-ad74-44bb-a21a-41d25e48eea8] Ack server push request, request = ClientDetectionRequest, requestId = 1942
09:52:18:974  INFO 69161 --- [nacos-grpc-client-executor-11368] com.alibaba.nacos.common.remote.client   : [37d10368-ad74-44bb-a21a-41d25e48eea8] Receive server push request, request = ClientDetectionRequest, requestId = 1945
09:52:18:975  INFO 69161 --- [nacos-grpc-client-executor-11368] com.alibaba.nacos.common.remote.client   : [37d10368-ad74-44bb-a21a-41d25e48eea8] Ack server push request, request = ClientDetectionRequest, requestId = 1945
10:10:12:588  INFO 69161 --- [nacos-grpc-client-executor-11369] com.alibaba.nacos.common.remote.client   : [37d10368-ad74-44bb-a21a-41d25e48eea8] Receive server push request, request = ClientDetectionRequest, requestId = 1948
10:10:12:589  INFO 69161 --- [nacos-grpc-client-executor-11369] com.alibaba.nacos.common.remote.client   : [37d10368-ad74-44bb-a21a-41d25e48eea8] Ack server push request, request = ClientDetectionRequest, requestId = 1948
10:25:36:816  WARN 69161 --- [HikariPool-1 housekeeper] com.zaxxer.hikari.pool.HikariPool        : HikariPool-1 - Thread starvation or clock leap detected (housekeeper delta=1h34m18s792ms).
10:25:38:313  INFO 69161 --- [nacos-grpc-client-executor-11370] com.alibaba.nacos.common.remote.client   : [37d10368-ad74-44bb-a21a-41d25e48eea8] Receive server push request, request = ClientDetectionRequest, requestId = 1950
10:25:38:314  INFO 69161 --- [nacos-grpc-client-executor-11370] com.alibaba.nacos.common.remote.client   : [37d10368-ad74-44bb-a21a-41d25e48eea8] Ack server push request, request = ClientDetectionRequest, requestId = 1950
10:34:31:700  INFO 69161 --- [nacos-grpc-client-executor-11371] com.alibaba.nacos.common.remote.client   : [37d10368-ad74-44bb-a21a-41d25e48eea8] Receive server push request, request = ClientDetectionRequest, requestId = 1952
10:34:31:701  INFO 69161 --- [nacos-grpc-client-executor-11371] com.alibaba.nacos.common.remote.client   : [37d10368-ad74-44bb-a21a-41d25e48eea8] Ack server push request, request = ClientDetectionRequest, requestId = 1952
10:39:48:245  INFO 69161 --- [nacos-grpc-client-executor-11377] com.alibaba.nacos.common.remote.client   : [37d10368-ad74-44bb-a21a-41d25e48eea8] Receive server push request, request = ClientDetectionRequest, requestId = 1954
10:39:48:245  INFO 69161 --- [nacos-grpc-client-executor-11377] com.alibaba.nacos.common.remote.client   : [37d10368-ad74-44bb-a21a-41d25e48eea8] Ack server push request, request = ClientDetectionRequest, requestId = 1954
10:39:52:673  WARN 69161 --- [HikariPool-1 housekeeper] com.zaxxer.hikari.pool.HikariPool        : HikariPool-1 - Thread starvation or clock leap detected (housekeeper delta=14m15s857ms).
11:13:44:036  INFO 69161 --- [nacos-grpc-client-executor-11382] com.alibaba.nacos.common.remote.client   : [37d10368-ad74-44bb-a21a-41d25e48eea8] Receive server push request, request = ClientDetectionRequest, requestId = 1957
11:13:44:037  INFO 69161 --- [nacos-grpc-client-executor-11382] com.alibaba.nacos.common.remote.client   : [37d10368-ad74-44bb-a21a-41d25e48eea8] Ack server push request, request = ClientDetectionRequest, requestId = 1957
11:31:15:741  INFO 69161 --- [nacos-grpc-client-executor-11383] com.alibaba.nacos.common.remote.client   : [37d10368-ad74-44bb-a21a-41d25e48eea8] Receive server push request, request = ClientDetectionRequest, requestId = 1958
11:31:15:742  INFO 69161 --- [nacos-grpc-client-executor-11383] com.alibaba.nacos.common.remote.client   : [37d10368-ad74-44bb-a21a-41d25e48eea8] Ack server push request, request = ClientDetectionRequest, requestId = 1958
11:35:30:464  INFO 69161 --- [nacos-grpc-client-executor-11384] com.alibaba.nacos.common.remote.client   : [37d10368-ad74-44bb-a21a-41d25e48eea8] Receive server push request, request = ClientDetectionRequest, requestId = 1960
11:35:30:465  INFO 69161 --- [nacos-grpc-client-executor-11384] com.alibaba.nacos.common.remote.client   : [37d10368-ad74-44bb-a21a-41d25e48eea8] Ack server push request, request = ClientDetectionRequest, requestId = 1960
11:52:45:289  WARN 69161 --- [HikariPool-1 housekeeper] com.zaxxer.hikari.pool.HikariPool        : HikariPool-1 - Thread starvation or clock leap detected (housekeeper delta=1h12m52s616ms).
12:25:41:908  INFO 69161 --- [nacos-grpc-client-executor-11390] com.alibaba.nacos.common.remote.client   : [37d10368-ad74-44bb-a21a-41d25e48eea8] Receive server push request, request = ClientDetectionRequest, requestId = 1965
12:25:41:909  INFO 69161 --- [nacos-grpc-client-executor-11390] com.alibaba.nacos.common.remote.client   : [37d10368-ad74-44bb-a21a-41d25e48eea8] Ack server push request, request = ClientDetectionRequest, requestId = 1965
12:36:29:631  INFO 69161 --- [nacos-grpc-client-executor-11391] com.alibaba.nacos.common.remote.client   : [37d10368-ad74-44bb-a21a-41d25e48eea8] Receive server push request, request = ClientDetectionRequest, requestId = 1967
12:36:29:631  INFO 69161 --- [nacos-grpc-client-executor-11391] com.alibaba.nacos.common.remote.client   : [37d10368-ad74-44bb-a21a-41d25e48eea8] Ack server push request, request = ClientDetectionRequest, requestId = 1967
12:52:00:398  WARN 69161 --- [HikariPool-1 housekeeper] com.zaxxer.hikari.pool.HikariPool        : HikariPool-1 - Thread starvation or clock leap detected (housekeeper delta=59m15s109ms).
13:24:50:625  INFO 69161 --- [nacos-grpc-client-executor-11396] com.alibaba.nacos.common.remote.client   : [37d10368-ad74-44bb-a21a-41d25e48eea8] Receive server push request, request = ClientDetectionRequest, requestId = 1972
13:24:50:625  INFO 69161 --- [nacos-grpc-client-executor-11396] com.alibaba.nacos.common.remote.client   : [37d10368-ad74-44bb-a21a-41d25e48eea8] Ack server push request, request = ClientDetectionRequest, requestId = 1972
13:53:00:187  INFO 69161 --- [nacos-grpc-client-executor-11399] com.alibaba.nacos.common.remote.client   : [37d10368-ad74-44bb-a21a-41d25e48eea8] Receive server push request, request = ClientDetectionRequest, requestId = 1976
13:53:00:187  INFO 69161 --- [nacos-grpc-client-executor-11399] com.alibaba.nacos.common.remote.client   : [37d10368-ad74-44bb-a21a-41d25e48eea8] Ack server push request, request = ClientDetectionRequest, requestId = 1976
14:10:32:041  WARN 69161 --- [HikariPool-1 housekeeper] com.zaxxer.hikari.pool.HikariPool        : HikariPool-1 - Thread starvation or clock leap detected (housekeeper delta=1h18m31s643ms).
14:27:58:612  INFO 69161 --- [nacos-grpc-client-executor-11402] com.alibaba.nacos.common.remote.client   : [37d10368-ad74-44bb-a21a-41d25e48eea8] Receive server push request, request = ClientDetectionRequest, requestId = 1980
14:27:58:612  INFO 69161 --- [nacos-grpc-client-executor-11402] com.alibaba.nacos.common.remote.client   : [37d10368-ad74-44bb-a21a-41d25e48eea8] Ack server push request, request = ClientDetectionRequest, requestId = 1980
14:38:30:326  INFO 69161 --- [nacos-grpc-client-executor-11403] com.alibaba.nacos.common.remote.client   : [37d10368-ad74-44bb-a21a-41d25e48eea8] Receive server push request, request = ClientDetectionRequest, requestId = 1983
14:38:30:326  INFO 69161 --- [nacos-grpc-client-executor-11403] com.alibaba.nacos.common.remote.client   : [37d10368-ad74-44bb-a21a-41d25e48eea8] Ack server push request, request = ClientDetectionRequest, requestId = 1983
14:54:04:975  INFO 69161 --- [nacos-grpc-client-executor-11406] com.alibaba.nacos.common.remote.client   : [37d10368-ad74-44bb-a21a-41d25e48eea8] Receive server push request, request = ClientDetectionRequest, requestId = 1986
14:54:04:978  INFO 69161 --- [nacos-grpc-client-executor-11406] com.alibaba.nacos.common.remote.client   : [37d10368-ad74-44bb-a21a-41d25e48eea8] Ack server push request, request = ClientDetectionRequest, requestId = 1986
14:58:52:708  INFO 69161 --- [nacos-grpc-client-executor-11407] com.alibaba.nacos.common.remote.client   : [37d10368-ad74-44bb-a21a-41d25e48eea8] Receive server push request, request = ClientDetectionRequest, requestId = 1988
14:58:52:709  INFO 69161 --- [nacos-grpc-client-executor-11407] com.alibaba.nacos.common.remote.client   : [37d10368-ad74-44bb-a21a-41d25e48eea8] Ack server push request, request = ClientDetectionRequest, requestId = 1988
14:58:59:712  WARN 69161 --- [HikariPool-1 housekeeper] com.zaxxer.hikari.pool.HikariPool        : HikariPool-1 - Thread starvation or clock leap detected (housekeeper delta=48m27s671ms).
15:13:05:585  INFO 69161 --- [nacos-grpc-client-executor-11411] com.alibaba.nacos.common.remote.client   : [37d10368-ad74-44bb-a21a-41d25e48eea8] Receive server push request, request = ClientDetectionRequest, requestId = 1991
15:13:05:587  INFO 69161 --- [nacos-grpc-client-executor-11411] com.alibaba.nacos.common.remote.client   : [37d10368-ad74-44bb-a21a-41d25e48eea8] Ack server push request, request = ClientDetectionRequest, requestId = 1991
15:13:06:116  INFO 69161 --- [nacos-grpc-client-executor-11412] com.alibaba.nacos.common.remote.client   : [37d10368-ad74-44bb-a21a-41d25e48eea8] Receive server push request, request = NotifySubscriberRequest, requestId = 1994
15:13:06:117  INFO 69161 --- [nacos-grpc-client-executor-11412] com.alibaba.nacos.common.remote.client   : [37d10368-ad74-44bb-a21a-41d25e48eea8] Ack server push request, request = NotifySubscriberRequest, requestId = 1994
15:13:33:548  WARN 69161 --- [HikariPool-1 housekeeper] com.zaxxer.hikari.pool.HikariPool        : HikariPool-1 - Thread starvation or clock leap detected (housekeeper delta=14m33s836ms).
15:36:02:647  INFO 69161 --- [nacos-grpc-client-executor-11533] com.alibaba.nacos.common.remote.client   : [37d10368-ad74-44bb-a21a-41d25e48eea8] Receive server push request, request = ClientDetectionRequest, requestId = 1997
15:36:02:648  INFO 69161 --- [nacos-grpc-client-executor-11533] com.alibaba.nacos.common.remote.client   : [37d10368-ad74-44bb-a21a-41d25e48eea8] Ack server push request, request = ClientDetectionRequest, requestId = 1997
15:36:06:064  WARN 69161 --- [HikariPool-1 housekeeper] com.zaxxer.hikari.pool.HikariPool        : HikariPool-1 - Thread starvation or clock leap detected (housekeeper delta=15m32s469ms).
15:36:50:343  INFO 69161 --- [nacos-grpc-client-executor-11535] com.alibaba.nacos.common.remote.client   : [37d10368-ad74-44bb-a21a-41d25e48eea8] Receive server push request, request = ClientDetectionRequest, requestId = 1999
15:36:50:344  INFO 69161 --- [nacos-grpc-client-executor-11535] com.alibaba.nacos.common.remote.client   : [37d10368-ad74-44bb-a21a-41d25e48eea8] Ack server push request, request = ClientDetectionRequest, requestId = 1999
15:37:17:749  WARN 69161 --- [HikariPool-1 housekeeper] com.zaxxer.hikari.pool.HikariPool        : HikariPool-1 - Thread starvation or clock leap detected (housekeeper delta=1m11s685ms).
