17:06:40:386  INFO 5832 --- [main] com.hmall.trade.TradeApplication         : Starting TradeApplication using Java 11.0.27 on lijingwendeMacBook-Air.local with PID 5832 (/Users/rachel/Projects/IdeaProjects/hmall/trade-service/target/classes started by rachel in /Users/rachel/Projects/IdeaProjects/hmall)
17:06:40:387 DEBUG 5832 --- [main] com.hmall.trade.TradeApplication         : Running with Spring Boot v2.7.12, Spring v5.3.27
17:06:40:387  INFO 5832 --- [main] com.hmall.trade.TradeApplication         : The following 1 profile is active: "dev"
17:06:40:756  INFO 5832 --- [main] o.s.cloud.context.scope.GenericScope     : BeanFactory id=bd76952a-bdbb-3b43-9cbb-14342469d596
17:06:40:876  INFO 5832 --- [main] o.s.b.w.embedded.tomcat.TomcatWebServer  : Tomcat initialized with port(s): 8085 (http)
17:06:40:879  INFO 5832 --- [main] o.apache.catalina.core.StandardService   : Starting service [Tomcat]
17:06:40:879  INFO 5832 --- [main] org.apache.catalina.core.StandardEngine  : Starting Servlet engine: [Apache Tomcat/9.0.75]
17:06:40:923  INFO 5832 --- [main] o.a.c.c.C.[Tomcat].[localhost].[/]       : Initializing Spring embedded WebApplicationContext
17:06:40:923  INFO 5832 --- [main] w.s.c.ServletWebServerApplicationContext : Root WebApplicationContext: initialization completed in 514 ms
17:06:40:990  INFO 5832 --- [main] o.s.c.openfeign.FeignClientFactoryBean   : For 'item-service' URL not provided. Will try picking an instance via load-balancing.
17:06:41:105  INFO 5832 --- [main] o.s.c.openfeign.FeignClientFactoryBean   : For 'cart-service' URL not provided. Will try picking an instance via load-balancing.
17:06:41:271  INFO 5832 --- [main] pertySourcedRequestMappingHandlerMapping : Mapped URL path [/v2/api-docs] onto method [springfox.documentation.swagger2.web.Swagger2ControllerWebMvc#getDocumentation(String, HttpServletRequest)]
17:06:41:346  INFO 5832 --- [main] com.alibaba.nacos.common.remote.client   : [RpcClientFactory] create a new rpc client of fa857ca2-cd19-4633-a4d5-e40a7c2a4a0e
17:06:41:360  INFO 5832 --- [main] org.reflections.Reflections              : Reflections took 9 ms to scan 1 urls, producing 3 keys and 6 values 
17:06:41:368  INFO 5832 --- [main] org.reflections.Reflections              : Reflections took 4 ms to scan 1 urls, producing 4 keys and 9 values 
17:06:41:372  INFO 5832 --- [main] org.reflections.Reflections              : Reflections took 3 ms to scan 1 urls, producing 3 keys and 10 values 
17:06:41:373  WARN 5832 --- [main] org.reflections.Reflections              : given scan urls are empty. set urls in the configuration
17:06:41:376  INFO 5832 --- [main] org.reflections.Reflections              : Reflections took 3 ms to scan 1 urls, producing 1 keys and 5 values 
17:06:41:380  INFO 5832 --- [main] org.reflections.Reflections              : Reflections took 3 ms to scan 1 urls, producing 1 keys and 7 values 
17:06:41:384  INFO 5832 --- [main] org.reflections.Reflections              : Reflections took 3 ms to scan 1 urls, producing 2 keys and 8 values 
17:06:41:384  WARN 5832 --- [main] org.reflections.Reflections              : given scan urls are empty. set urls in the configuration
17:06:41:384  INFO 5832 --- [main] com.alibaba.nacos.common.remote.client   : [fa857ca2-cd19-4633-a4d5-e40a7c2a4a0e] RpcClient init label, labels = {module=naming, source=sdk}
17:06:41:385  INFO 5832 --- [main] com.alibaba.nacos.common.remote.client   : [fa857ca2-cd19-4633-a4d5-e40a7c2a4a0e] RpcClient init, ServerListFactory = com.alibaba.nacos.client.naming.core.ServerListManager
17:06:41:385  INFO 5832 --- [main] com.alibaba.nacos.common.remote.client   : [fa857ca2-cd19-4633-a4d5-e40a7c2a4a0e] Registry connection listener to current client:com.alibaba.nacos.client.naming.remote.gprc.redo.NamingGrpcRedoService
17:06:41:385  INFO 5832 --- [main] com.alibaba.nacos.common.remote.client   : [fa857ca2-cd19-4633-a4d5-e40a7c2a4a0e] Register server push request handler:com.alibaba.nacos.client.naming.remote.gprc.NamingPushRequestHandler
17:06:41:386  INFO 5832 --- [main] com.alibaba.nacos.common.remote.client   : [fa857ca2-cd19-4633-a4d5-e40a7c2a4a0e] Try to connect to server on start up, server: {serverIp = 'localhost', server main port = 8848}
17:06:41:675  INFO 5832 --- [main] com.alibaba.nacos.common.remote.client   : [fa857ca2-cd19-4633-a4d5-e40a7c2a4a0e] Success to connect to server [localhost:8848] on start up, connectionId = 1760486801529_127.0.0.1_60075
17:06:41:676  INFO 5832 --- [com.alibaba.nacos.client.remote.worker] com.alibaba.nacos.common.remote.client   : [fa857ca2-cd19-4633-a4d5-e40a7c2a4a0e] Notify connected event to listeners.
17:06:41:676  INFO 5832 --- [main] com.alibaba.nacos.common.remote.client   : [fa857ca2-cd19-4633-a4d5-e40a7c2a4a0e] Register server push request handler:com.alibaba.nacos.common.remote.client.RpcClient$ConnectResetRequestHandler
17:06:41:677  INFO 5832 --- [main] com.alibaba.nacos.common.remote.client   : [fa857ca2-cd19-4633-a4d5-e40a7c2a4a0e] Register server push request handler:com.alibaba.nacos.common.remote.client.RpcClient$$Lambda$972/0x00000008007c7840
17:06:41:723  INFO 5832 --- [main] o.s.b.w.embedded.tomcat.TomcatWebServer  : Tomcat started on port(s): 8085 (http) with context path ''
17:06:41:730  INFO 5832 --- [main] c.a.c.n.registry.NacosServiceRegistry    : nacos registry, DEFAULT_GROUP trade-service 10.19.206.45:8085 register finished
17:06:41:733  INFO 5832 --- [main] d.s.w.p.DocumentationPluginsBootstrapper : Documentation plugins bootstrapped
17:06:41:734  INFO 5832 --- [main] d.s.w.p.DocumentationPluginsBootstrapper : Found 1 custom documentation plugin(s)
17:06:41:740  INFO 5832 --- [main] s.d.s.w.s.ApiListingReferenceScanner     : Scanning for api listing references
17:06:41:769  INFO 5832 --- [main] com.hmall.trade.TradeApplication         : Started TradeApplication in 1.584 seconds (JVM running for 2.067)
17:06:42:245  INFO 5832 --- [nacos-grpc-client-executor-10] com.alibaba.nacos.common.remote.client   : [fa857ca2-cd19-4633-a4d5-e40a7c2a4a0e] Receive server push request, request = NotifySubscriberRequest, requestId = 2016
17:06:42:247  INFO 5832 --- [nacos-grpc-client-executor-10] com.alibaba.nacos.common.remote.client   : [fa857ca2-cd19-4633-a4d5-e40a7c2a4a0e] Ack server push request, request = NotifySubscriberRequest, requestId = 2016
17:06:57:261  INFO 5832 --- [http-nio-8085-exec-1] o.a.c.c.C.[Tomcat].[localhost].[/]       : Initializing Spring DispatcherServlet 'dispatcherServlet'
17:06:57:261  INFO 5832 --- [http-nio-8085-exec-1] o.s.web.servlet.DispatcherServlet        : Initializing Servlet 'dispatcherServlet'
17:06:57:263  INFO 5832 --- [http-nio-8085-exec-1] o.s.web.servlet.DispatcherServlet        : Completed initialization in 2 ms
17:07:14:231  INFO 5832 --- [http-nio-8085-exec-7] com.zaxxer.hikari.HikariDataSource       : HikariPool-1 - Starting...
17:07:14:394  INFO 5832 --- [http-nio-8085-exec-7] com.zaxxer.hikari.HikariDataSource       : HikariPool-1 - Start completed.
17:07:14:396 DEBUG 5832 --- [http-nio-8085-exec-7] c.h.trade.mapper.OrderMapper.selectById  : ==>  Preparing: SELECT id,total_fee,payment_type,user_id,status,create_time,pay_time,consign_time,end_time,close_time,comment_time,update_time FROM `order` WHERE id=?
17:07:14:404 DEBUG 5832 --- [http-nio-8085-exec-7] c.h.trade.mapper.OrderMapper.selectById  : ==> Parameters: 1654779387523936258(Long)
17:07:14:448 DEBUG 5832 --- [http-nio-8085-exec-7] c.h.trade.mapper.OrderMapper.selectById  : <==      Total: 1
