00:25:13:690  INFO 69138 --- [nacos-grpc-client-executor-10842] com.alibaba.nacos.common.remote.client   : [de6833c6-5240-4670-9e37-d04eb09a9e3c] Receive server push request, request = ClientDetectionRequest, requestId = 1867
00:25:13:757  INFO 69138 --- [nacos-grpc-client-executor-10842] com.alibaba.nacos.common.remote.client   : [de6833c6-5240-4670-9e37-d04eb09a9e3c] Ack server push request, request = ClientDetectionRequest, requestId = 1867
00:43:05:258  INFO 69138 --- [nacos-grpc-client-executor-10844] com.alibaba.nacos.common.remote.client   : [de6833c6-5240-4670-9e37-d04eb09a9e3c] Receive server push request, request = ClientDetectionRequest, requestId = 1869
00:43:05:258  INFO 69138 --- [nacos-grpc-client-executor-10844] com.alibaba.nacos.common.remote.client   : [de6833c6-5240-4670-9e37-d04eb09a9e3c] Ack server push request, request = ClientDetectionRequest, requestId = 1869
01:17:09:776  INFO 69138 --- [nacos-grpc-client-executor-10846] com.alibaba.nacos.common.remote.client   : [de6833c6-5240-4670-9e37-d04eb09a9e3c] Receive server push request, request = ClientDetectionRequest, requestId = 1873
01:17:09:777  INFO 69138 --- [nacos-grpc-client-executor-10846] com.alibaba.nacos.common.remote.client   : [de6833c6-5240-4670-9e37-d04eb09a9e3c] Ack server push request, request = ClientDetectionRequest, requestId = 1873
01:26:13:927  WARN 69138 --- [HikariPool-1 housekeeper] com.zaxxer.hikari.pool.HikariPool        : HikariPool-1 - Thread starvation or clock leap detected (housekeeper delta=1h28m50s19ms).
01:26:14:521  INFO 69138 --- [nacos-grpc-client-executor-10847] com.alibaba.nacos.common.remote.client   : [de6833c6-5240-4670-9e37-d04eb09a9e3c] Receive server push request, request = ClientDetectionRequest, requestId = 1875
01:26:14:521  INFO 69138 --- [nacos-grpc-client-executor-10847] com.alibaba.nacos.common.remote.client   : [de6833c6-5240-4670-9e37-d04eb09a9e3c] Ack server push request, request = ClientDetectionRequest, requestId = 1875
01:42:05:966  INFO 69138 --- [nacos-grpc-client-executor-10850] com.alibaba.nacos.common.remote.client   : [de6833c6-5240-4670-9e37-d04eb09a9e3c] Receive server push request, request = ClientDetectionRequest, requestId = 1877
01:42:05:967  INFO 69138 --- [nacos-grpc-client-executor-10850] com.alibaba.nacos.common.remote.client   : [de6833c6-5240-4670-9e37-d04eb09a9e3c] Ack server push request, request = ClientDetectionRequest, requestId = 1877
01:59:24:720  INFO 69138 --- [nacos-grpc-client-executor-10851] com.alibaba.nacos.common.remote.client   : [de6833c6-5240-4670-9e37-d04eb09a9e3c] Receive server push request, request = ClientDetectionRequest, requestId = 1880
01:59:24:781  INFO 69138 --- [nacos-grpc-client-executor-10851] com.alibaba.nacos.common.remote.client   : [de6833c6-5240-4670-9e37-d04eb09a9e3c] Ack server push request, request = ClientDetectionRequest, requestId = 1880
01:59:25:384  INFO 69138 --- [nacos-grpc-client-executor-10852] com.alibaba.nacos.common.remote.client   : [de6833c6-5240-4670-9e37-d04eb09a9e3c] Receive server push request, request = NotifySubscriberRequest, requestId = 1883
01:59:25:384  INFO 69138 --- [nacos-grpc-client-executor-10852] com.alibaba.nacos.common.remote.client   : [de6833c6-5240-4670-9e37-d04eb09a9e3c] Ack server push request, request = NotifySubscriberRequest, requestId = 1883
02:16:04:487  INFO 69138 --- [nacos-grpc-client-executor-10853] com.alibaba.nacos.common.remote.client   : [de6833c6-5240-4670-9e37-d04eb09a9e3c] Receive server push request, request = ClientDetectionRequest, requestId = 1885
02:16:04:488  INFO 69138 --- [nacos-grpc-client-executor-10853] com.alibaba.nacos.common.remote.client   : [de6833c6-5240-4670-9e37-d04eb09a9e3c] Ack server push request, request = ClientDetectionRequest, requestId = 1885
02:27:15:215  INFO 69138 --- [nacos-grpc-client-executor-10854] com.alibaba.nacos.common.remote.client   : [de6833c6-5240-4670-9e37-d04eb09a9e3c] Receive server push request, request = ClientDetectionRequest, requestId = 1888
02:27:15:215  INFO 69138 --- [nacos-grpc-client-executor-10854] com.alibaba.nacos.common.remote.client   : [de6833c6-5240-4670-9e37-d04eb09a9e3c] Ack server push request, request = ClientDetectionRequest, requestId = 1888
02:27:20:425  WARN 69138 --- [HikariPool-1 housekeeper] com.zaxxer.hikari.pool.HikariPool        : HikariPool-1 - Thread starvation or clock leap detected (housekeeper delta=1h1m6s498ms).
02:42:55:738  INFO 69138 --- [nacos-grpc-client-executor-10855] com.alibaba.nacos.common.remote.client   : [de6833c6-5240-4670-9e37-d04eb09a9e3c] Receive server push request, request = ClientDetectionRequest, requestId = 1891
02:42:55:739  INFO 69138 --- [nacos-grpc-client-executor-10855] com.alibaba.nacos.common.remote.client   : [de6833c6-5240-4670-9e37-d04eb09a9e3c] Ack server push request, request = ClientDetectionRequest, requestId = 1891
03:45:06:360  INFO 69138 --- [nacos-grpc-client-executor-10860] com.alibaba.nacos.common.remote.client   : [de6833c6-5240-4670-9e37-d04eb09a9e3c] Receive server push request, request = ClientDetectionRequest, requestId = 1897
03:45:06:361  INFO 69138 --- [nacos-grpc-client-executor-10860] com.alibaba.nacos.common.remote.client   : [de6833c6-5240-4670-9e37-d04eb09a9e3c] Ack server push request, request = ClientDetectionRequest, requestId = 1897
03:45:06:367 ERROR 69138 --- [nacos-grpc-client-executor-10861] c.a.n.c.remote.client.grpc.GrpcClient    : [1760424122530_127.0.0.1_52545]Request stream onCompleted, switch server
03:45:06:367  INFO 69138 --- [com.alibaba.nacos.client.remote.worker] com.alibaba.nacos.common.remote.client   : [de6833c6-5240-4670-9e37-d04eb09a9e3c] Try to reconnect to a new server, server is  not appointed, will choose a random server.
03:45:06:494  INFO 69138 --- [com.alibaba.nacos.client.remote.worker] com.alibaba.nacos.common.remote.client   : [de6833c6-5240-4670-9e37-d04eb09a9e3c] Success to connect a server [localhost:8848], connectionId = 1760438706386_127.0.0.1_52859
03:45:06:494  INFO 69138 --- [com.alibaba.nacos.client.remote.worker] com.alibaba.nacos.common.remote.client   : [de6833c6-5240-4670-9e37-d04eb09a9e3c] Abandon prev connection, server is localhost:8848, connectionId is 1760424122530_127.0.0.1_52545
03:45:06:494  INFO 69138 --- [com.alibaba.nacos.client.remote.worker] com.alibaba.nacos.common.remote.client   : Close current connection 1760424122530_127.0.0.1_52545
03:45:06:495  INFO 69138 --- [com.alibaba.nacos.client.remote.worker] com.alibaba.nacos.common.remote.client   : [de6833c6-5240-4670-9e37-d04eb09a9e3c] Notify disconnected event to listeners
03:45:06:496  INFO 69138 --- [com.alibaba.nacos.client.remote.worker] com.alibaba.nacos.common.remote.client   : [de6833c6-5240-4670-9e37-d04eb09a9e3c] Notify connected event to listeners.
03:45:09:575  INFO 69138 --- [nacos-grpc-client-executor-10869] com.alibaba.nacos.common.remote.client   : [de6833c6-5240-4670-9e37-d04eb09a9e3c] Receive server push request, request = NotifySubscriberRequest, requestId = 1902
03:45:09:575  INFO 69138 --- [nacos-grpc-client-executor-10869] com.alibaba.nacos.common.remote.client   : [de6833c6-5240-4670-9e37-d04eb09a9e3c] Ack server push request, request = NotifySubscriberRequest, requestId = 1902
04:01:42:170  WARN 69138 --- [HikariPool-1 housekeeper] com.zaxxer.hikari.pool.HikariPool        : HikariPool-1 - Thread starvation or clock leap detected (housekeeper delta=1h34m21s745ms).
04:46:09:033  INFO 69138 --- [nacos-grpc-client-executor-10874] com.alibaba.nacos.common.remote.client   : [de6833c6-5240-4670-9e37-d04eb09a9e3c] Receive server push request, request = ClientDetectionRequest, requestId = 1908
04:46:09:033  INFO 69138 --- [nacos-grpc-client-executor-10874] com.alibaba.nacos.common.remote.client   : [de6833c6-5240-4670-9e37-d04eb09a9e3c] Ack server push request, request = ClientDetectionRequest, requestId = 1908
05:02:49:735  INFO 69138 --- [nacos-grpc-client-executor-10875] com.alibaba.nacos.common.remote.client   : [de6833c6-5240-4670-9e37-d04eb09a9e3c] Receive server push request, request = ClientDetectionRequest, requestId = 1910
05:02:49:735  INFO 69138 --- [nacos-grpc-client-executor-10875] com.alibaba.nacos.common.remote.client   : [de6833c6-5240-4670-9e37-d04eb09a9e3c] Ack server push request, request = ClientDetectionRequest, requestId = 1910
05:18:22:479  WARN 69138 --- [HikariPool-1 housekeeper] com.zaxxer.hikari.pool.HikariPool        : HikariPool-1 - Thread starvation or clock leap detected (housekeeper delta=1h16m40s309ms).
05:30:14:222  INFO 69138 --- [nacos-grpc-client-executor-10877] com.alibaba.nacos.common.remote.client   : [de6833c6-5240-4670-9e37-d04eb09a9e3c] Receive server push request, request = ClientDetectionRequest, requestId = 1915
05:30:14:222  INFO 69138 --- [nacos-grpc-client-executor-10877] com.alibaba.nacos.common.remote.client   : [de6833c6-5240-4670-9e37-d04eb09a9e3c] Ack server push request, request = ClientDetectionRequest, requestId = 1915
05:45:48:643  INFO 69138 --- [nacos-grpc-client-executor-10879] com.alibaba.nacos.common.remote.client   : [de6833c6-5240-4670-9e37-d04eb09a9e3c] Receive server push request, request = ClientDetectionRequest, requestId = 1917
05:45:48:643  INFO 69138 --- [nacos-grpc-client-executor-10879] com.alibaba.nacos.common.remote.client   : [de6833c6-5240-4670-9e37-d04eb09a9e3c] Ack server push request, request = ClientDetectionRequest, requestId = 1917
06:02:39:373  INFO 69138 --- [nacos-grpc-client-executor-10880] com.alibaba.nacos.common.remote.client   : [de6833c6-5240-4670-9e37-d04eb09a9e3c] Receive server push request, request = ClientDetectionRequest, requestId = 1918
06:02:39:373  INFO 69138 --- [nacos-grpc-client-executor-10880] com.alibaba.nacos.common.remote.client   : [de6833c6-5240-4670-9e37-d04eb09a9e3c] Ack server push request, request = ClientDetectionRequest, requestId = 1918
06:19:38:084  INFO 69138 --- [nacos-grpc-client-executor-10881] com.alibaba.nacos.common.remote.client   : [de6833c6-5240-4670-9e37-d04eb09a9e3c] Receive server push request, request = ClientDetectionRequest, requestId = 1921
06:19:38:084  INFO 69138 --- [nacos-grpc-client-executor-10881] com.alibaba.nacos.common.remote.client   : [de6833c6-5240-4670-9e37-d04eb09a9e3c] Ack server push request, request = ClientDetectionRequest, requestId = 1921
06:31:14:817  INFO 69138 --- [nacos-grpc-client-executor-10882] com.alibaba.nacos.common.remote.client   : [de6833c6-5240-4670-9e37-d04eb09a9e3c] Receive server push request, request = ClientDetectionRequest, requestId = 1923
06:31:14:817  INFO 69138 --- [nacos-grpc-client-executor-10882] com.alibaba.nacos.common.remote.client   : [de6833c6-5240-4670-9e37-d04eb09a9e3c] Ack server push request, request = ClientDetectionRequest, requestId = 1923
06:31:16:713  WARN 69138 --- [HikariPool-1 housekeeper] com.zaxxer.hikari.pool.HikariPool        : HikariPool-1 - Thread starvation or clock leap detected (housekeeper delta=1h12m54s234ms).
07:01:42:851  INFO 69138 --- [nacos-grpc-client-executor-10886] com.alibaba.nacos.common.remote.client   : [de6833c6-5240-4670-9e37-d04eb09a9e3c] Receive server push request, request = ClientDetectionRequest, requestId = 1926
07:01:42:852  INFO 69138 --- [nacos-grpc-client-executor-10886] com.alibaba.nacos.common.remote.client   : [de6833c6-5240-4670-9e37-d04eb09a9e3c] Ack server push request, request = ClientDetectionRequest, requestId = 1926
07:17:18:574  INFO 69138 --- [nacos-grpc-client-executor-10887] com.alibaba.nacos.common.remote.client   : [de6833c6-5240-4670-9e37-d04eb09a9e3c] Receive server push request, request = ClientDetectionRequest, requestId = 1927
07:17:18:574  INFO 69138 --- [nacos-grpc-client-executor-10887] com.alibaba.nacos.common.remote.client   : [de6833c6-5240-4670-9e37-d04eb09a9e3c] Ack server push request, request = ClientDetectionRequest, requestId = 1927
07:32:16:279  INFO 69138 --- [nacos-grpc-client-executor-10888] com.alibaba.nacos.common.remote.client   : [de6833c6-5240-4670-9e37-d04eb09a9e3c] Receive server push request, request = ClientDetectionRequest, requestId = 1928
07:32:16:280  INFO 69138 --- [nacos-grpc-client-executor-10888] com.alibaba.nacos.common.remote.client   : [de6833c6-5240-4670-9e37-d04eb09a9e3c] Ack server push request, request = ClientDetectionRequest, requestId = 1928
07:49:11:594  WARN 69138 --- [HikariPool-1 housekeeper] com.zaxxer.hikari.pool.HikariPool        : HikariPool-1 - Thread starvation or clock leap detected (housekeeper delta=1h17m54s881ms).
08:06:47:447  INFO 69138 --- [nacos-grpc-client-executor-10892] com.alibaba.nacos.common.remote.client   : [de6833c6-5240-4670-9e37-d04eb09a9e3c] Receive server push request, request = ClientDetectionRequest, requestId = 1933
08:06:47:448  INFO 69138 --- [nacos-grpc-client-executor-10892] com.alibaba.nacos.common.remote.client   : [de6833c6-5240-4670-9e37-d04eb09a9e3c] Ack server push request, request = ClientDetectionRequest, requestId = 1933
08:24:31:159  INFO 69138 --- [nacos-grpc-client-executor-10893] com.alibaba.nacos.common.remote.client   : [de6833c6-5240-4670-9e37-d04eb09a9e3c] Receive server push request, request = ClientDetectionRequest, requestId = 1934
08:24:31:160  INFO 69138 --- [nacos-grpc-client-executor-10893] com.alibaba.nacos.common.remote.client   : [de6833c6-5240-4670-9e37-d04eb09a9e3c] Ack server push request, request = ClientDetectionRequest, requestId = 1934
08:33:13:908  INFO 69138 --- [nacos-grpc-client-executor-10894] com.alibaba.nacos.common.remote.client   : [de6833c6-5240-4670-9e37-d04eb09a9e3c] Receive server push request, request = ClientDetectionRequest, requestId = 1937
08:33:13:908  INFO 69138 --- [nacos-grpc-client-executor-10894] com.alibaba.nacos.common.remote.client   : [de6833c6-5240-4670-9e37-d04eb09a9e3c] Ack server push request, request = ClientDetectionRequest, requestId = 1937
08:51:16:409  INFO 69138 --- [nacos-grpc-client-executor-10896] com.alibaba.nacos.common.remote.client   : [de6833c6-5240-4670-9e37-d04eb09a9e3c] Receive server push request, request = ClientDetectionRequest, requestId = 1938
08:51:16:410  INFO 69138 --- [nacos-grpc-client-executor-10896] com.alibaba.nacos.common.remote.client   : [de6833c6-5240-4670-9e37-d04eb09a9e3c] Ack server push request, request = ClientDetectionRequest, requestId = 1938
08:51:18:236  WARN 69138 --- [HikariPool-1 housekeeper] com.zaxxer.hikari.pool.HikariPool        : HikariPool-1 - Thread starvation or clock leap detected (housekeeper delta=1h2m6s642ms).
09:07:56:117  INFO 69138 --- [nacos-grpc-client-executor-10897] com.alibaba.nacos.common.remote.client   : [de6833c6-5240-4670-9e37-d04eb09a9e3c] Receive server push request, request = ClientDetectionRequest, requestId = 1941
09:07:56:117  INFO 69138 --- [nacos-grpc-client-executor-10897] com.alibaba.nacos.common.remote.client   : [de6833c6-5240-4670-9e37-d04eb09a9e3c] Ack server push request, request = ClientDetectionRequest, requestId = 1941
09:34:15:495  INFO 69138 --- [nacos-grpc-client-executor-10900] com.alibaba.nacos.common.remote.client   : [de6833c6-5240-4670-9e37-d04eb09a9e3c] Receive server push request, request = ClientDetectionRequest, requestId = 1944
09:34:15:496  INFO 69138 --- [nacos-grpc-client-executor-10900] com.alibaba.nacos.common.remote.client   : [de6833c6-5240-4670-9e37-d04eb09a9e3c] Ack server push request, request = ClientDetectionRequest, requestId = 1944
09:52:18:974  INFO 69138 --- [nacos-grpc-client-executor-10901] com.alibaba.nacos.common.remote.client   : [de6833c6-5240-4670-9e37-d04eb09a9e3c] Receive server push request, request = ClientDetectionRequest, requestId = 1947
09:52:18:976  INFO 69138 --- [nacos-grpc-client-executor-10901] com.alibaba.nacos.common.remote.client   : [de6833c6-5240-4670-9e37-d04eb09a9e3c] Ack server push request, request = ClientDetectionRequest, requestId = 1947
10:25:37:029  WARN 69138 --- [HikariPool-1 housekeeper] com.zaxxer.hikari.pool.HikariPool        : HikariPool-1 - Thread starvation or clock leap detected (housekeeper delta=1h34m18s793ms).
10:39:52:887  WARN 69138 --- [HikariPool-1 housekeeper] com.zaxxer.hikari.pool.HikariPool        : HikariPool-1 - Thread starvation or clock leap detected (housekeeper delta=14m15s857ms).
10:57:33:338  INFO 69138 --- [nacos-grpc-client-executor-10910] com.alibaba.nacos.common.remote.client   : [de6833c6-5240-4670-9e37-d04eb09a9e3c] Receive server push request, request = ClientDetectionRequest, requestId = 1956
10:57:33:338  INFO 69138 --- [nacos-grpc-client-executor-10910] com.alibaba.nacos.common.remote.client   : [de6833c6-5240-4670-9e37-d04eb09a9e3c] Ack server push request, request = ClientDetectionRequest, requestId = 1956
11:31:15:740  INFO 69138 --- [nacos-grpc-client-executor-10914] com.alibaba.nacos.common.remote.client   : [de6833c6-5240-4670-9e37-d04eb09a9e3c] Receive server push request, request = ClientDetectionRequest, requestId = 1959
11:31:15:741  INFO 69138 --- [nacos-grpc-client-executor-10914] com.alibaba.nacos.common.remote.client   : [de6833c6-5240-4670-9e37-d04eb09a9e3c] Ack server push request, request = ClientDetectionRequest, requestId = 1959
11:35:30:466  INFO 69138 --- [nacos-grpc-client-executor-10915] com.alibaba.nacos.common.remote.client   : [de6833c6-5240-4670-9e37-d04eb09a9e3c] Receive server push request, request = ClientDetectionRequest, requestId = 1962
11:35:30:466  INFO 69138 --- [nacos-grpc-client-executor-10915] com.alibaba.nacos.common.remote.client   : [de6833c6-5240-4670-9e37-d04eb09a9e3c] Ack server push request, request = ClientDetectionRequest, requestId = 1962
11:52:43:975  INFO 69138 --- [nacos-grpc-client-executor-10917] com.alibaba.nacos.common.remote.client   : [de6833c6-5240-4670-9e37-d04eb09a9e3c] Receive server push request, request = ClientDetectionRequest, requestId = 1963
11:52:43:976  INFO 69138 --- [nacos-grpc-client-executor-10917] com.alibaba.nacos.common.remote.client   : [de6833c6-5240-4670-9e37-d04eb09a9e3c] Ack server push request, request = ClientDetectionRequest, requestId = 1963
11:52:45:505  WARN 69138 --- [HikariPool-1 housekeeper] com.zaxxer.hikari.pool.HikariPool        : HikariPool-1 - Thread starvation or clock leap detected (housekeeper delta=1h12m52s619ms).
12:36:29:630  INFO 69138 --- [nacos-grpc-client-executor-10921] com.alibaba.nacos.common.remote.client   : [de6833c6-5240-4670-9e37-d04eb09a9e3c] Receive server push request, request = ClientDetectionRequest, requestId = 1969
12:36:29:631  INFO 69138 --- [nacos-grpc-client-executor-10921] com.alibaba.nacos.common.remote.client   : [de6833c6-5240-4670-9e37-d04eb09a9e3c] Ack server push request, request = ClientDetectionRequest, requestId = 1969
12:51:59:177  INFO 69138 --- [nacos-grpc-client-executor-10923] com.alibaba.nacos.common.remote.client   : [de6833c6-5240-4670-9e37-d04eb09a9e3c] Receive server push request, request = ClientDetectionRequest, requestId = 1970
12:51:59:177  INFO 69138 --- [nacos-grpc-client-executor-10923] com.alibaba.nacos.common.remote.client   : [de6833c6-5240-4670-9e37-d04eb09a9e3c] Ack server push request, request = ClientDetectionRequest, requestId = 1970
12:52:00:614  WARN 69138 --- [HikariPool-1 housekeeper] com.zaxxer.hikari.pool.HikariPool        : HikariPool-1 - Thread starvation or clock leap detected (housekeeper delta=59m15s109ms).
13:09:30:886  INFO 69138 --- [nacos-grpc-client-executor-10924] com.alibaba.nacos.common.remote.client   : [de6833c6-5240-4670-9e37-d04eb09a9e3c] Receive server push request, request = ClientDetectionRequest, requestId = 1971
13:09:30:887  INFO 69138 --- [nacos-grpc-client-executor-10924] com.alibaba.nacos.common.remote.client   : [de6833c6-5240-4670-9e37-d04eb09a9e3c] Ack server push request, request = ClientDetectionRequest, requestId = 1971
13:24:50:625  INFO 69138 --- [nacos-grpc-client-executor-10927] com.alibaba.nacos.common.remote.client   : [de6833c6-5240-4670-9e37-d04eb09a9e3c] Receive server push request, request = ClientDetectionRequest, requestId = 1974
13:24:50:625  INFO 69138 --- [nacos-grpc-client-executor-10927] com.alibaba.nacos.common.remote.client   : [de6833c6-5240-4670-9e37-d04eb09a9e3c] Ack server push request, request = ClientDetectionRequest, requestId = 1974
13:37:30:347  INFO 69138 --- [nacos-grpc-client-executor-10928] com.alibaba.nacos.common.remote.client   : [de6833c6-5240-4670-9e37-d04eb09a9e3c] Receive server push request, request = ClientDetectionRequest, requestId = 1975
13:37:30:347  INFO 69138 --- [nacos-grpc-client-executor-10928] com.alibaba.nacos.common.remote.client   : [de6833c6-5240-4670-9e37-d04eb09a9e3c] Ack server push request, request = ClientDetectionRequest, requestId = 1975
13:53:00:188  INFO 69138 --- [nacos-grpc-client-executor-10930] com.alibaba.nacos.common.remote.client   : [de6833c6-5240-4670-9e37-d04eb09a9e3c] Receive server push request, request = ClientDetectionRequest, requestId = 1978
13:53:00:188  INFO 69138 --- [nacos-grpc-client-executor-10930] com.alibaba.nacos.common.remote.client   : [de6833c6-5240-4670-9e37-d04eb09a9e3c] Ack server push request, request = ClientDetectionRequest, requestId = 1978
14:10:30:899  INFO 69138 --- [nacos-grpc-client-executor-10931] com.alibaba.nacos.common.remote.client   : [de6833c6-5240-4670-9e37-d04eb09a9e3c] Receive server push request, request = ClientDetectionRequest, requestId = 1979
14:10:30:899  INFO 69138 --- [nacos-grpc-client-executor-10931] com.alibaba.nacos.common.remote.client   : [de6833c6-5240-4670-9e37-d04eb09a9e3c] Ack server push request, request = ClientDetectionRequest, requestId = 1979
14:10:32:263  WARN 69138 --- [HikariPool-1 housekeeper] com.zaxxer.hikari.pool.HikariPool        : HikariPool-1 - Thread starvation or clock leap detected (housekeeper delta=1h18m31s649ms).
14:27:58:611  INFO 69138 --- [nacos-grpc-client-executor-10932] com.alibaba.nacos.common.remote.client   : [de6833c6-5240-4670-9e37-d04eb09a9e3c] Receive server push request, request = ClientDetectionRequest, requestId = 1982
14:27:58:612  INFO 69138 --- [nacos-grpc-client-executor-10932] com.alibaba.nacos.common.remote.client   : [de6833c6-5240-4670-9e37-d04eb09a9e3c] Ack server push request, request = ClientDetectionRequest, requestId = 1982
14:38:30:326  INFO 69138 --- [nacos-grpc-client-executor-10933] com.alibaba.nacos.common.remote.client   : [de6833c6-5240-4670-9e37-d04eb09a9e3c] Receive server push request, request = ClientDetectionRequest, requestId = 1985
14:38:30:327  INFO 69138 --- [nacos-grpc-client-executor-10933] com.alibaba.nacos.common.remote.client   : [de6833c6-5240-4670-9e37-d04eb09a9e3c] Ack server push request, request = ClientDetectionRequest, requestId = 1985
14:58:52:708  INFO 69138 --- [nacos-grpc-client-executor-10935] com.alibaba.nacos.common.remote.client   : [de6833c6-5240-4670-9e37-d04eb09a9e3c] Receive server push request, request = ClientDetectionRequest, requestId = 1990
14:58:52:708  INFO 69138 --- [nacos-grpc-client-executor-10935] com.alibaba.nacos.common.remote.client   : [de6833c6-5240-4670-9e37-d04eb09a9e3c] Ack server push request, request = ClientDetectionRequest, requestId = 1990
14:58:59:943  WARN 69138 --- [HikariPool-1 housekeeper] com.zaxxer.hikari.pool.HikariPool        : HikariPool-1 - Thread starvation or clock leap detected (housekeeper delta=48m27s680ms).
15:13:05:581  INFO 69138 --- [nacos-grpc-client-executor-10937] com.alibaba.nacos.common.remote.client   : [de6833c6-5240-4670-9e37-d04eb09a9e3c] Receive server push request, request = ClientDetectionRequest, requestId = 1993
15:13:05:582  INFO 69138 --- [nacos-grpc-client-executor-10937] com.alibaba.nacos.common.remote.client   : [de6833c6-5240-4670-9e37-d04eb09a9e3c] Ack server push request, request = ClientDetectionRequest, requestId = 1993
15:13:06:117  INFO 69138 --- [nacos-grpc-client-executor-10938] com.alibaba.nacos.common.remote.client   : [de6833c6-5240-4670-9e37-d04eb09a9e3c] Receive server push request, request = NotifySubscriberRequest, requestId = 1996
15:13:06:117  INFO 69138 --- [nacos-grpc-client-executor-10938] com.alibaba.nacos.common.remote.client   : [de6833c6-5240-4670-9e37-d04eb09a9e3c] Ack server push request, request = NotifySubscriberRequest, requestId = 1996
15:13:33:780  WARN 69138 --- [HikariPool-1 housekeeper] com.zaxxer.hikari.pool.HikariPool        : HikariPool-1 - Thread starvation or clock leap detected (housekeeper delta=14m33s837ms).
15:36:06:301  WARN 69138 --- [HikariPool-1 housekeeper] com.zaxxer.hikari.pool.HikariPool        : HikariPool-1 - Thread starvation or clock leap detected (housekeeper delta=15m32s470ms).
15:36:50:345  INFO 69138 --- [nacos-grpc-client-executor-11051] com.alibaba.nacos.common.remote.client   : [de6833c6-5240-4670-9e37-d04eb09a9e3c] Receive server push request, request = ClientDetectionRequest, requestId = 2001
15:36:50:345  INFO 69138 --- [nacos-grpc-client-executor-11051] com.alibaba.nacos.common.remote.client   : [de6833c6-5240-4670-9e37-d04eb09a9e3c] Ack server push request, request = ClientDetectionRequest, requestId = 2001
15:37:17:989  WARN 69138 --- [HikariPool-1 housekeeper] com.zaxxer.hikari.pool.HikariPool        : HikariPool-1 - Thread starvation or clock leap detected (housekeeper delta=1m11s688ms).
